This file contains any messages produced by compilers while
running configure, to aid debugging if configure makes a mistake.

configure:754: checking host system type
configure:775: checking target system type
configure:793: checking build system type
configure:827: checking for a BSD compatible install
configure:880: checking whether build environment is sane
configure:937: checking whether make sets ${MAKE}
configure:983: checking for working aclocal
configure:996: checking for working autoconf
configure:1009: checking for working automake
configure:1022: checking for working autoheader
configure:1035: checking for working makeinfo
configure:1059: checking for mawk
configure:1059: checking for gawk
configure:1094: checking which static random module to use
configure:1134: checking whether use of /dev/random is requested
configure:1148: checking whether use of extensions is requested
configure:1160: checking whether assembler modules are requested
configure:1172: checking whether memory guard is requested
configure:1191: checking whether included zlib is requested
configure:1204: checking whether use of capabilities is requested
configure:1220: checking whether to enable maintainer-specific portions of Makefiles
configure:1273: checking whether make sets ${MAKE}
configure:1300: checking whether build environment is sane
configure:1339: checking for working aclocal
configure:1352: checking for working autoconf
configure:1365: checking for working automake
configure:1378: checking for working autoheader
configure:1391: checking for working makeinfo
configure:1406: checking for gcc
configure:1519: checking whether the C compiler (gcc -fprofile-arcs -ftest-coverage ) works
configure:1535: gcc -o conftest -fprofile-arcs -ftest-coverage   conftest.c  1>&5
configure:1561: checking whether the C compiler (gcc -fprofile-arcs -ftest-coverage ) is a cross-compiler
configure:1566: checking whether we are using GNU C
configure:1575: gcc -E conftest.c
configure:1594: checking whether gcc accepts -g
configure:1626: checking how to run the C preprocessor
configure:1647: gcc -E  conftest.c >/dev/null 2>conftest.out
configure:1706: checking for POSIXized ISC
configure:1735: checking for special C compiler options needed for large files
configure:1791: checking for _FILE_OFFSET_BITS value needed for large files
configure:1808: gcc -c -fprofile-arcs -ftest-coverage  conftest.c 1>&5
configure:1847: checking for _LARGEFILE_SOURCE value needed for large files
configure:1864: gcc -c -fprofile-arcs -ftest-coverage  conftest.c 1>&5
configure:1903: checking for _LARGE_FILES value needed for large files
configure:1920: gcc -c -fprofile-arcs -ftest-coverage  conftest.c 1>&5
configure:1959: checking for _XOPEN_SOURCE value needed for large files
configure:1976: gcc -c -fprofile-arcs -ftest-coverage  conftest.c 1>&5
configure:2028: checking for a BSD compatible install
configure:2085: checking for mawk
configure:2117: checking for docbook-to-man
configure:2154: checking for faqprog.pl
configure:2179: checking for docbook2texi
configure:2207: checking for sgml to texi tools
configure:2310: checking for BSD-compatible nm
configure:2346: checking command to parse /usr/bin/nm -B output
configure:2409: gcc -c -fprofile-arcs -ftest-coverage  conftest.c 1>&5
configure:2412: /usr/bin/nm -B conftest.o | sed -n -e 's/^.* [ABCDGISTUW] \([_A-Za-z][_A-Za-z0-9]*\)$/\1 \1/p' > conftest.nm
configure:2470: gcc -o conftest -fprofile-arcs -ftest-coverage   conftest.c conftestm.o 1>&5
configure:2521: checking for _ prefix in compiled symbols
configure:2530: gcc -c -fprofile-arcs -ftest-coverage  conftest.c 1>&5
configure:2533: /usr/bin/nm -B conftest.o | sed -n -e 's/^.* [ABCDGISTUW] \([_A-Za-z][_A-Za-z0-9]*\)$/\1 \1/p' > conftest.nm
configure:2568: checking for option to create PIC
configure:2633: checking how to specify -export-dynamic
configure:2643: gcc -fprofile-arcs -ftest-coverage -Wl,--version 2>&1 | grep GNU ld >/dev/null
configure:2746: checking for ranlib
configure:2774: checking for ANSI C header files
configure:2787: gcc -E  conftest.c >/dev/null 2>conftest.out
configure:2854: gcc -o conftest -fprofile-arcs -ftest-coverage   conftest.c  1>&5
configure: In function 'main':
configure:2849:67: warning: incompatible implicit declaration of built-in function 'exit'
configure:2878: checking for working const
configure:2932: gcc -c -fprofile-arcs -ftest-coverage  conftest.c 1>&5
configure:2953: checking for inline
configure:2967: gcc -c -fprofile-arcs -ftest-coverage  conftest.c 1>&5
configure:2993: checking for off_t
configure:3026: checking for size_t
configure:3061: checking for working alloca.h
configure:3073: gcc -o conftest -fprofile-arcs -ftest-coverage   conftest.c  1>&5
configure:3094: checking for alloca
configure:3127: gcc -o conftest -fprofile-arcs -ftest-coverage   conftest.c  1>&5
configure:3296: checking for unistd.h
configure:3306: gcc -E  conftest.c >/dev/null 2>conftest.out
configure:3335: checking for getpagesize
configure:3363: gcc -o conftest -fprofile-arcs -ftest-coverage   conftest.c  1>&5
configure:3388: checking for working mmap
configure:3536: gcc -o conftest -fprofile-arcs -ftest-coverage   conftest.c  1>&5
configure:3467:7: warning: conflicting types for built-in function 'malloc'
configure: In function 'main':
configure:3484:3: warning: incompatible implicit declaration of built-in function 'exit'
configure:3506:24: warning: cast from pointer to integer of different size
configure:3564: checking for argz.h
configure:3574: gcc -E  conftest.c >/dev/null 2>conftest.out
configure:3564: checking for limits.h
configure:3574: gcc -E  conftest.c >/dev/null 2>conftest.out
configure:3564: checking for locale.h
configure:3574: gcc -E  conftest.c >/dev/null 2>conftest.out
configure:3564: checking for nl_types.h
configure:3574: gcc -E  conftest.c >/dev/null 2>conftest.out
configure:3564: checking for malloc.h
configure:3574: gcc -E  conftest.c >/dev/null 2>conftest.out
configure:3564: checking for string.h
configure:3574: gcc -E  conftest.c >/dev/null 2>conftest.out
configure:3564: checking for unistd.h
configure:3564: checking for sys/param.h
configure:3574: gcc -E  conftest.c >/dev/null 2>conftest.out
configure:3604: checking for getcwd
configure:3632: gcc -o conftest -fprofile-arcs -ftest-coverage   conftest.c  1>&5
configure:3604: checking for munmap
configure:3632: gcc -o conftest -fprofile-arcs -ftest-coverage   conftest.c  1>&5
configure:3604: checking for putenv
configure:3632: gcc -o conftest -fprofile-arcs -ftest-coverage   conftest.c  1>&5
configure:3604: checking for setenv
configure:3632: gcc -o conftest -fprofile-arcs -ftest-coverage   conftest.c  1>&5
configure:3604: checking for setlocale
configure:3632: gcc -o conftest -fprofile-arcs -ftest-coverage   conftest.c  1>&5
configure:3604: checking for strchr
configure:3632: gcc -o conftest -fprofile-arcs -ftest-coverage   conftest.c  1>&5
configure:3616:6: warning: conflicting types for built-in function 'strchr'
configure:3604: checking for strcasecmp
configure:3632: gcc -o conftest -fprofile-arcs -ftest-coverage   conftest.c  1>&5
configure:3616:6: warning: conflicting types for built-in function 'strcasecmp'
configure:3604: checking for strdup
configure:3632: gcc -o conftest -fprofile-arcs -ftest-coverage   conftest.c  1>&5
configure:3616:6: warning: conflicting types for built-in function 'strdup'
configure:3604: checking for __argz_count
configure:3632: gcc -o conftest -fprofile-arcs -ftest-coverage   conftest.c  1>&5
configure:3604: checking for __argz_stringify
configure:3632: gcc -o conftest -fprofile-arcs -ftest-coverage   conftest.c  1>&5
configure:3604: checking for __argz_next
configure:3632: gcc -o conftest -fprofile-arcs -ftest-coverage   conftest.c  1>&5
configure:3661: checking for stpcpy
configure:3689: gcc -o conftest -fprofile-arcs -ftest-coverage   conftest.c  1>&5
configure:3673:6: warning: conflicting types for built-in function 'stpcpy'
configure:3723: checking for LC_MESSAGES
configure:3735: gcc -o conftest -fprofile-arcs -ftest-coverage   conftest.c  1>&5
configure:3756: checking whether NLS is requested
configure:3776: checking whether included gettext is requested
configure:3795: checking for libintl.h
configure:3805: gcc -E  conftest.c >/dev/null 2>conftest.out
configure:3822: checking for gettext in libc
configure:3834: gcc -o conftest -fprofile-arcs -ftest-coverage   conftest.c  1>&5
configure: In function 'main':
configure:3830:8: warning: cast from pointer to integer of different size
configure:3948: checking for msgfmt
configure:3982: checking for dcgettext
configure:4010: gcc -o conftest -fprofile-arcs -ftest-coverage   conftest.c  1>&5
configure:3994:6: warning: conflicting types for built-in function 'dcgettext'
configure:4037: checking for gmsgfmt
configure:4073: checking for xgettext
configure:4113: gcc -o conftest -fprofile-arcs -ftest-coverage   conftest.c  1>&5
configure:4571: checking for catalogs to be installed
configure:4685: checking for gdbm.h
configure:4695: gcc -E  conftest.c >/dev/null 2>conftest.out
configure:4723: checking for gdbm_firstkey in -lgdbm
configure:4742: gcc -o conftest -fprofile-arcs -ftest-coverage   conftest.c -lgdbm   1>&5
configure:4778: checking for gethostbyname in -lnsl
configure:4797: gcc -o conftest -fprofile-arcs -ftest-coverage   conftest.c -lnsl  -lgdbm  1>&5
configure:4825: checking for socket in -lsocket
configure:4844: gcc -o conftest -fprofile-arcs -ftest-coverage   conftest.c -lsocket  -lnsl -lgdbm  1>&5
/usr/lib/gcc/x86_64-pc-linux-gnu/4.5.3/../../../../x86_64-pc-linux-gnu/bin/ld: cannot find -lsocket
collect2: ld returned 1 exit status
configure: failed program was:
#line 4833 "configure"
#include "confdefs.h"
/* Override any gcc2 internal prototype to avoid an error.  */
/* We use char because int might match the return type of a gcc2
    builtin and then its argument prototype would still apply.  */
char socket();

int main() {
socket()
; return 0; }
configure:4870: checking for gethostbyname in -lnsl
configure:4920: checking for dlopen in -ldl
configure:4939: gcc -o conftest -fprofile-arcs -ftest-coverage   conftest.c -ldl  -lnsl -lgdbm  -lnsl 1>&5
configure:5129: checking for ANSI C header files
configure:5236: checking for unistd.h
configure:5236: checking for langinfo.h
configure:5246: gcc -E  conftest.c >/dev/null 2>conftest.out
configure:5236: checking for termio.h
configure:5246: gcc -E  conftest.c >/dev/null 2>conftest.out
configure:5275: checking for working const
configure:5350: checking for inline
configure:5390: checking for size_t
configure:5423: checking return type of signal handlers
configure:5445: gcc -c -fprofile-arcs -ftest-coverage  conftest.c 1>&5
configure:5464: checking for sys_siglist declaration in signal.h or unistd.h
configure:5481: gcc -c -fprofile-arcs -ftest-coverage  conftest.c 1>&5
configure: In function 'main':
configure:5477:13: warning: initialization discards qualifiers from pointer target type
configure:5506: checking endianess
configure:5524: gcc -c -fprofile-arcs -ftest-coverage  conftest.c 1>&5
configure:5539: gcc -c -fprofile-arcs -ftest-coverage  conftest.c 1>&5
configure: In function 'main':
configure:5534:10: error: 'not' undeclared (first use in this function)
configure:5534:10: note: each undeclared identifier is reported only once for each function it appears in
configure:5534:14: error: expected ';' before 'big'
configure: failed program was:
#line 5528 "configure"
#include "confdefs.h"
#include <sys/types.h>
        #include <sys/param.h>
int main() {

        #if BYTE_ORDER != BIG_ENDIAN
         not big endian
        #endif
; return 0; }
configure:5605: checking for byte typedef
configure:5622: gcc -c -fprofile-arcs -ftest-coverage  conftest.c 1>&5
configure: In function 'main':
configure:5617:20: error: 'byte' undeclared (first use in this function)
configure:5617:20: note: each undeclared identifier is reported only once for each function it appears in
configure: failed program was:
#line 5610 "configure"
#include "confdefs.h"
#define _GNU_SOURCE 1
    #include <stdlib.h>
    #include <sys/types.h>
int main() {

    #undef byte
    int a = sizeof(byte);
    
; return 0; }
configure:5643: checking for ushort typedef
configure:5660: gcc -c -fprofile-arcs -ftest-coverage  conftest.c 1>&5
configure:5681: checking for ulong typedef
configure:5698: gcc -c -fprofile-arcs -ftest-coverage  conftest.c 1>&5
configure:5719: checking for u16 typedef
configure:5736: gcc -c -fprofile-arcs -ftest-coverage  conftest.c 1>&5
configure: In function 'main':
configure:5731:20: error: 'u16' undeclared (first use in this function)
configure:5731:20: note: each undeclared identifier is reported only once for each function it appears in
configure: failed program was:
#line 5724 "configure"
#include "confdefs.h"
#define _GNU_SOURCE 1
    #include <stdlib.h>
    #include <sys/types.h>
int main() {

    #undef u16
    int a = sizeof(u16);
    
; return 0; }
configure:5757: checking for u32 typedef
configure:5774: gcc -c -fprofile-arcs -ftest-coverage  conftest.c 1>&5
configure: In function 'main':
configure:5769:20: error: 'u32' undeclared (first use in this function)
configure:5769:20: note: each undeclared identifier is reported only once for each function it appears in
configure: failed program was:
#line 5762 "configure"
#include "confdefs.h"
#define _GNU_SOURCE 1
    #include <stdlib.h>
    #include <sys/types.h>
int main() {

    #undef u32
    int a = sizeof(u32);
    
; return 0; }
configure:5796: checking size of unsigned short
configure:5816: gcc -o conftest -fprofile-arcs -ftest-coverage   conftest.c -ldl -lnsl -lgdbm  -lnsl 1>&5
configure: In function 'main':
configure:5810:11: warning: incompatible implicit declaration of built-in function 'exit'
configure:5811:3: warning: format '%d' expects type 'int', but argument 3 has type 'long unsigned int'
configure:5836: checking size of unsigned int
configure:5856: gcc -o conftest -fprofile-arcs -ftest-coverage   conftest.c -ldl -lnsl -lgdbm  -lnsl 1>&5
configure: In function 'main':
configure:5850:11: warning: incompatible implicit declaration of built-in function 'exit'
configure:5851:3: warning: format '%d' expects type 'int', but argument 3 has type 'long unsigned int'
configure:5876: checking size of unsigned long
configure:5896: gcc -o conftest -fprofile-arcs -ftest-coverage   conftest.c -ldl -lnsl -lgdbm  -lnsl 1>&5
configure: In function 'main':
configure:5890:11: warning: incompatible implicit declaration of built-in function 'exit'
configure:5891:3: warning: format '%d' expects type 'int', but argument 3 has type 'long unsigned int'
configure:5916: checking size of unsigned long long
configure:5936: gcc -o conftest -fprofile-arcs -ftest-coverage   conftest.c -ldl -lnsl -lgdbm  -lnsl 1>&5
configure: In function 'main':
configure:5930:11: warning: incompatible implicit declaration of built-in function 'exit'
configure:5931:3: warning: format '%d' expects type 'int', but argument 3 has type 'long unsigned int'
configure:5965: checking for vprintf
configure:5993: gcc -o conftest -fprofile-arcs -ftest-coverage   conftest.c -ldl -lnsl -lgdbm  -lnsl 1>&5
configure:5977:6: warning: conflicting types for built-in function 'vprintf'
configure:6072: checking for strerror
configure:6100: gcc -o conftest -fprofile-arcs -ftest-coverage   conftest.c -ldl -lnsl -lgdbm  -lnsl 1>&5
configure:6072: checking for stpcpy
configure:6072: checking for strlwr
configure:6100: gcc -o conftest -fprofile-arcs -ftest-coverage   conftest.c -ldl -lnsl -lgdbm  -lnsl 1>&5
/tmp/ccjlQMmZ.o: In function `main':
conftest.c:(.text+0x1c): undefined reference to `strlwr'
collect2: ld returned 1 exit status
configure: failed program was:
#line 6077 "configure"
#include "confdefs.h"
/* System header to define __stub macros and hopefully few prototypes,
    which can conflict with char strlwr(); below.  */
#include <assert.h>
/* Override any gcc2 internal prototype to avoid an error.  */
/* We use char because int might match the return type of a gcc2
    builtin and then its argument prototype would still apply.  */
char strlwr();

int main() {

/* The GNU C library defines this for functions which it implements
    to always fail with ENOSYS.  Some functions are actually named
    something starting with __ and the normal name is an alias.  */
#if defined (__stub_strlwr) || defined (__stub___strlwr)
choke me
#else
strlwr();
#endif

; return 0; }
configure:6072: checking for stricmp
configure:6100: gcc -o conftest -fprofile-arcs -ftest-coverage   conftest.c -ldl -lnsl -lgdbm  -lnsl 1>&5
/tmp/ccmbCycT.o: In function `main':
conftest.c:(.text+0x1c): undefined reference to `stricmp'
collect2: ld returned 1 exit status
configure: failed program was:
#line 6077 "configure"
#include "confdefs.h"
/* System header to define __stub macros and hopefully few prototypes,
    which can conflict with char stricmp(); below.  */
#include <assert.h>
/* Override any gcc2 internal prototype to avoid an error.  */
/* We use char because int might match the return type of a gcc2
    builtin and then its argument prototype would still apply.  */
char stricmp();

int main() {

/* The GNU C library defines this for functions which it implements
    to always fail with ENOSYS.  Some functions are actually named
    something starting with __ and the normal name is an alias.  */
#if defined (__stub_stricmp) || defined (__stub___stricmp)
choke me
#else
stricmp();
#endif

; return 0; }
configure:6072: checking for tcgetattr
configure:6100: gcc -o conftest -fprofile-arcs -ftest-coverage   conftest.c -ldl -lnsl -lgdbm  -lnsl 1>&5
configure:6072: checking for rand
configure:6100: gcc -o conftest -fprofile-arcs -ftest-coverage   conftest.c -ldl -lnsl -lgdbm  -lnsl 1>&5
configure:6072: checking for strtoul
configure:6100: gcc -o conftest -fprofile-arcs -ftest-coverage   conftest.c -ldl -lnsl -lgdbm  -lnsl 1>&5
configure:6072: checking for mmap
configure:6100: gcc -o conftest -fprofile-arcs -ftest-coverage   conftest.c -ldl -lnsl -lgdbm  -lnsl 1>&5
configure:6127: checking for memmove
configure:6155: gcc -o conftest -fprofile-arcs -ftest-coverage   conftest.c -ldl -lnsl -lgdbm  -lnsl 1>&5
configure:6139:6: warning: conflicting types for built-in function 'memmove'
configure:6127: checking for gettimeofday
configure:6155: gcc -o conftest -fprofile-arcs -ftest-coverage   conftest.c -ldl -lnsl -lgdbm  -lnsl 1>&5
configure:6127: checking for getrusage
configure:6155: gcc -o conftest -fprofile-arcs -ftest-coverage   conftest.c -ldl -lnsl -lgdbm  -lnsl 1>&5
configure:6127: checking for gethrtime
configure:6155: gcc -o conftest -fprofile-arcs -ftest-coverage   conftest.c -ldl -lnsl -lgdbm  -lnsl 1>&5
/tmp/ccHlDv7l.o: In function `main':
conftest.c:(.text+0x1c): undefined reference to `gethrtime'
collect2: ld returned 1 exit status
configure: failed program was:
#line 6132 "configure"
#include "confdefs.h"
/* System header to define __stub macros and hopefully few prototypes,
    which can conflict with char gethrtime(); below.  */
#include <assert.h>
/* Override any gcc2 internal prototype to avoid an error.  */
/* We use char because int might match the return type of a gcc2
    builtin and then its argument prototype would still apply.  */
char gethrtime();

int main() {

/* The GNU C library defines this for functions which it implements
    to always fail with ENOSYS.  Some functions are actually named
    something starting with __ and the normal name is an alias.  */
#if defined (__stub_gethrtime) || defined (__stub___gethrtime)
choke me
#else
gethrtime();
#endif

; return 0; }
configure:6127: checking for setrlimit
configure:6155: gcc -o conftest -fprofile-arcs -ftest-coverage   conftest.c -ldl -lnsl -lgdbm  -lnsl 1>&5
configure:6127: checking for clock_gettime
configure:6155: gcc -o conftest -fprofile-arcs -ftest-coverage   conftest.c -ldl -lnsl -lgdbm  -lnsl 1>&5
/tmp/ccgTdPxq.o: In function `main':
conftest.c:(.text+0x1c): undefined reference to `clock_gettime'
collect2: ld returned 1 exit status
configure: failed program was:
#line 6132 "configure"
#include "confdefs.h"
/* System header to define __stub macros and hopefully few prototypes,
    which can conflict with char clock_gettime(); below.  */
#include <assert.h>
/* Override any gcc2 internal prototype to avoid an error.  */
/* We use char because int might match the return type of a gcc2
    builtin and then its argument prototype would still apply.  */
char clock_gettime();

int main() {

/* The GNU C library defines this for functions which it implements
    to always fail with ENOSYS.  Some functions are actually named
    something starting with __ and the normal name is an alias.  */
#if defined (__stub_clock_gettime) || defined (__stub___clock_gettime)
choke me
#else
clock_gettime();
#endif

; return 0; }
configure:6182: checking for memicmp
configure:6210: gcc -o conftest -fprofile-arcs -ftest-coverage   conftest.c -ldl -lnsl -lgdbm  -lnsl 1>&5
/tmp/ccHbxVfw.o: In function `main':
conftest.c:(.text+0x1c): undefined reference to `memicmp'
collect2: ld returned 1 exit status
configure: failed program was:
#line 6187 "configure"
#include "confdefs.h"
/* System header to define __stub macros and hopefully few prototypes,
    which can conflict with char memicmp(); below.  */
#include <assert.h>
/* Override any gcc2 internal prototype to avoid an error.  */
/* We use char because int might match the return type of a gcc2
    builtin and then its argument prototype would still apply.  */
char memicmp();

int main() {

/* The GNU C library defines this for functions which it implements
    to always fail with ENOSYS.  Some functions are actually named
    something starting with __ and the normal name is an alias.  */
#if defined (__stub_memicmp) || defined (__stub___memicmp)
choke me
#else
memicmp();
#endif

; return 0; }
configure:6182: checking for atexit
configure:6210: gcc -o conftest -fprofile-arcs -ftest-coverage   conftest.c -ldl -lnsl -lgdbm  -lnsl 1>&5
configure:6182: checking for raise
configure:6210: gcc -o conftest -fprofile-arcs -ftest-coverage   conftest.c -ldl -lnsl -lgdbm  -lnsl 1>&5
configure:6182: checking for getpagesize
configure:6182: checking for strftime
configure:6210: gcc -o conftest -fprofile-arcs -ftest-coverage   conftest.c -ldl -lnsl -lgdbm  -lnsl 1>&5
configure:6194:6: warning: conflicting types for built-in function 'strftime'
configure:6182: checking for nl_langinfo
configure:6210: gcc -o conftest -fprofile-arcs -ftest-coverage   conftest.c -ldl -lnsl -lgdbm  -lnsl 1>&5
configure:6237: checking for waitpid
configure:6265: gcc -o conftest -fprofile-arcs -ftest-coverage   conftest.c -ldl -lnsl -lgdbm  -lnsl 1>&5
configure:6237: checking for wait4
configure:6265: gcc -o conftest -fprofile-arcs -ftest-coverage   conftest.c -ldl -lnsl -lgdbm  -lnsl 1>&5
configure:6237: checking for sigaction
configure:6265: gcc -o conftest -fprofile-arcs -ftest-coverage   conftest.c -ldl -lnsl -lgdbm  -lnsl 1>&5
configure:6237: checking for sigprocmask
configure:6265: gcc -o conftest -fprofile-arcs -ftest-coverage   conftest.c -ldl -lnsl -lgdbm  -lnsl 1>&5
configure:6237: checking for fseeko
configure:6265: gcc -o conftest -fprofile-arcs -ftest-coverage   conftest.c -ldl -lnsl -lgdbm  -lnsl 1>&5
configure:6293: checking for mlock
configure:6321: gcc -o conftest -fprofile-arcs -ftest-coverage   conftest.c -ldl -lnsl -lgdbm  -lnsl 1>&5
configure:6489: checking whether mlock is broken
configure:6528: gcc -o conftest -fprofile-arcs -ftest-coverage   conftest.c -ldl -lnsl -lgdbm  -lnsl 1>&5
configure:6562: checking for sys/stat.h
configure:6572: gcc -E  conftest.c >/dev/null 2>conftest.out
configure:6562: checking for unistd.h
configure:6562: checking for direct.h
configure:6572: gcc -E  conftest.c >/dev/null 2>conftest.out
configure:6568:20: fatal error: direct.h: No such file or directory
compilation terminated.
configure: failed program was:
#line 6567 "configure"
#include "confdefs.h"
#include <direct.h>
configure:6599: checking if mkdir takes one argument
configure:6621: gcc -c -fprofile-arcs -ftest-coverage  conftest.c 1>&5
configure:6753: checking for sys/ipc.h
configure:6763: gcc -E  conftest.c >/dev/null 2>conftest.out
configure:6753: checking for sys/shm.h
configure:6763: gcc -E  conftest.c >/dev/null 2>conftest.out
configure:6791: checking whether IPC_RMID allowes subsequent attaches
configure:6825: gcc -o conftest -fprofile-arcs -ftest-coverage   conftest.c -ldl -lnsl -lgdbm  -lnsl 1>&5
configure: In function 'main':
configure:6810:16: warning: incompatible implicit declaration of built-in function 'exit'
configure:6855: checking whether SHM_LOCK is available
configure:6872: gcc -c -fprofile-arcs -ftest-coverage  conftest.c 1>&5
configure:6906: checking for random device
configure:6933: checking for linux/random.h
configure:6943: gcc -E  conftest.c >/dev/null 2>conftest.out
configure:6970: checking for random device ioctl
configure:7124: checking for mpi assembler functions
configure:7166: checking for zlib.h
configure:7176: gcc -E  conftest.c >/dev/null 2>conftest.out
configure:7204: checking for deflateInit2_ in -lz
configure:7223: gcc -o conftest -fprofile-arcs -ftest-coverage   conftest.c -lz  -ldl -lnsl -lgdbm  -lnsl 1>&5
